<?xml version="1.0" encoding="UTF-8"?>
<!-- Generated by org.testng.reporters.JUnitXMLReporter -->
<testsuite hostname="Akshay-PC" ignored="0" name="Different TestNG Feature Test" tests="18" failures="1" timestamp="26 Dec 2017 13:59:50 GMT" time="24.345" errors="0">
  <testcase name="test1" time="0.013" classname="com.test.ExceptionTimeoutTest"/>
  <testcase name="googleLogoTest" time="0.072" classname="com.test.GoogleTest"/>
  <testcase name="googleLogoTest" time="0.1" classname="com.test.GoogleTitleTest"/>
  <testcase name="googleTitleTest" time="0.017" classname="com.test.GoogleTitleTest">
    <failure type="java.lang.AssertionError" message="title is not matched expected [Google123] but found [Google]">
      <![CDATA[java.lang.AssertionError: title is not matched expected [Google123] but found [Google]at com.test.GoogleTitleTest.googleTitleTest(GoogleTitleTest.java:32)... Removed 30 stack frames]]>
    </failure>
  </testcase> <!-- googleTitleTest -->
  <testcase name="sum" time="0.003" classname="com.test.InvocationCountTest"/>
  <testcase name="sum" time="0.005" classname="com.test.InvocationCountTest"/>
  <testcase name="sum" time="0.003" classname="com.test.InvocationCountTest"/>
  <testcase name="sum" time="0.003" classname="com.test.InvocationCountTest"/>
  <testcase name="sum" time="0.002" classname="com.test.InvocationCountTest"/>
  <testcase name="sum" time="0.007" classname="com.test.InvocationCountTest"/>
  <testcase name="sum" time="0.002" classname="com.test.InvocationCountTest"/>
  <testcase name="sum" time="0.002" classname="com.test.InvocationCountTest"/>
  <testcase name="sum" time="0.002" classname="com.test.InvocationCountTest"/>
  <testcase name="sum" time="0.005" classname="com.test.InvocationCountTest"/>
  <testcase name="googleTitleTest" time="0.002" classname="com.test.TestNgBasics"/>
  <testcase name="googlelogoTest" time="0.002" classname="com.test.TestNgBasics"/>
  <testcase name="searchTest" time="0.001" classname="com.test.TestNgBasics"/>
  <testcase name="LoginTest" time="0.002" classname="com.test.TestNgFeatures"/>
</testsuite> <!-- Different TestNG Feature Test -->
