<?xml version="1.0" encoding="UTF-8"?>
<!-- Generated by org.testng.reporters.JUnitXMLReporter -->
<testsuite hostname="Akshay-PC" ignored="0" name="Default test" tests="4" failures="0" timestamp="02 Jan 2018 16:38:42 GMT" time="55.468" errors="0">
  <testcase name="halfEbayPageRegTest" time="5.905" classname="com.datadriven.test.HalfEbdayTest"/>
  <testcase name="halfEbayPageRegTest" time="2.719" classname="com.datadriven.test.HalfEbdayTest"/>
  <testcase name="halfEbayPageRegTest" time="3.083" classname="com.datadriven.test.HalfEbdayTest"/>
  <testcase name="halfEbayPageRegTest" time="3.861" classname="com.datadriven.test.HalfEbdayTest"/>
</testsuite> <!-- Default test -->
